<?xml version="1.0" encoding="UTF-8"?>
<testsuite xmlns:xsi="http://www.w3.org/2001/XMLSchema-instance" xsi:noNamespaceSchemaLocation="https://maven.apache.org/surefire/maven-surefire-plugin/xsd/surefire-test-report-3.0.xsd" version="3.0" name="TestSuite" time="0.826" tests="6" errors="0" skipped="0" failures="0">
  <properties>
    <property name="java.specification.version" value="16"/>
    <property name="sun.cpu.isalist" value="amd64"/>
    <property name="sun.jnu.encoding" value="Cp1252"/>
    <property name="java.class.path" value="C:\Java workspace\SeleniumMavenPract\target\test-classes;C:\Java workspace\SeleniumMavenPract\target\classes;C:\Users\tjaya\.m2\repository\org\testng\testng\7.4.0\testng-7.4.0.jar;C:\Users\tjaya\.m2\repository\com\beust\jcommander\1.78\jcommander-1.78.jar;C:\Users\tjaya\.m2\repository\org\webjars\jquery\3.5.1\jquery-3.5.1.jar;"/>
    <property name="java.vm.vendor" value="Oracle Corporation"/>
    <property name="sun.arch.data.model" value="64"/>
    <property name="user.variant" value=""/>
    <property name="java.vendor.url" value="https://java.oracle.com/"/>
    <property name="user.timezone" value="Asia/Calcutta"/>
    <property name="os.name" value="Windows 10"/>
    <property name="java.vm.specification.version" value="16"/>
    <property name="sun.java.launcher" value="SUN_STANDARD"/>
    <property name="user.country" value="US"/>
    <property name="sun.boot.library.path" value="C:\Program Files\Java\jdk-16.0.1\bin"/>
    <property name="sun.java.command" value="C:\Users\tjaya\AppData\Local\Temp\surefire17457500526056489065\surefirebooter4480344011606854595.jar C:\Users\tjaya\AppData\Local\Temp\surefire17457500526056489065 2021-07-09T12-07-45_700-jvmRun1 surefire8719758031577314523tmp surefire_013841426693824444751tmp"/>
    <property name="jdk.debug" value="release"/>
    <property name="surefire.test.class.path" value="C:\Java workspace\SeleniumMavenPract\target\test-classes;C:\Java workspace\SeleniumMavenPract\target\classes;C:\Users\tjaya\.m2\repository\org\testng\testng\7.4.0\testng-7.4.0.jar;C:\Users\tjaya\.m2\repository\com\beust\jcommander\1.78\jcommander-1.78.jar;C:\Users\tjaya\.m2\repository\org\webjars\jquery\3.5.1\jquery-3.5.1.jar;"/>
    <property name="sun.cpu.endian" value="little"/>
    <property name="user.home" value="C:\Users\tjaya"/>
    <property name="user.language" value="en"/>
    <property name="java.specification.vendor" value="Oracle Corporation"/>
    <property name="java.version.date" value="2021-04-20"/>
    <property name="java.home" value="C:\Program Files\Java\jdk-16.0.1"/>
    <property name="file.separator" value="\"/>
    <property name="basedir" value="C:\Java workspace\SeleniumMavenPract"/>
    <property name="java.vm.compressedOopsMode" value="32-bit"/>
    <property name="line.separator" value="&#10;"/>
    <property name="java.vm.specification.vendor" value="Oracle Corporation"/>
    <property name="java.specification.name" value="Java Platform API Specification"/>
    <property name="surefire.real.class.path" value="C:\Users\tjaya\AppData\Local\Temp\surefire17457500526056489065\surefirebooter4480344011606854595.jar"/>
    <property name="user.script" value=""/>
    <property name="sun.management.compiler" value="HotSpot 64-Bit Tiered Compilers"/>
    <property name="java.runtime.version" value="16.0.1+9-24"/>
    <property name="user.name" value="tjaya"/>
    <property name="path.separator" value=";"/>
    <property name="os.version" value="10.0"/>
    <property name="java.runtime.name" value="Java(TM) SE Runtime Environment"/>
    <property name="file.encoding" value="Cp1252"/>
    <property name="java.vm.name" value="Java HotSpot(TM) 64-Bit Server VM"/>
    <property name="localRepository" value="C:\Users\tjaya\.m2\repository"/>
    <property name="java.vendor.url.bug" value="https://bugreport.java.com/bugreport/"/>
    <property name="java.io.tmpdir" value="C:\Users\tjaya\AppData\Local\Temp\"/>
    <property name="java.version" value="16.0.1"/>
    <property name="user.dir" value="C:\Java workspace\SeleniumMavenPract"/>
    <property name="os.arch" value="amd64"/>
    <property name="java.vm.specification.name" value="Java Virtual Machine Specification"/>
    <property name="sun.os.patch.level" value=""/>
    <property name="java.library.path" value="C:\Program Files\Java\jdk-16.0.1\bin;C:\WINDOWS\Sun\Java\bin;C:\WINDOWS\system32;C:\WINDOWS;C:\Program Files\Common Files\Oracle\Java\javapath;C:\oracle\product\10.2.0\db_1\bin;C:\ProgramData\Oracle\Java\javapath;C:\WINDOWS\system32;C:\WINDOWS;C:\WINDOWS\System32\Wbem;C:\WINDOWS\System32\WindowsPowerShell\v1.0\;C:\Users\tjaya\.dnx\bin;C:\Program Files\Microsoft DNX\Dnvm\;C:\Program Files\Microsoft SQL Server\130\Tools\Binn\;C:\Users\tjaya\AppData\Local\Microsoft\WindowsApps;C:\adb;C:\WINDOWS\system32;C:\WINDOWS;C:\WINDOWS\System32\Wbem;C:\WINDOWS\System32\WindowsPowerShell\v1.0\;C:\WINDOWS\System32\OpenSSH\;C:\Program Files\Intel\WiFi\bin\;C:\Program Files\Common Files\Intel\WirelessCommon\;C:\Users\tjaya\Downloads\Selenium\apache-maven-3.8.1\bin;C:\Program Files\Java\jdk-16.0.1\bin;C:\Users\tjaya\AppData\Local\Programs\Python\Python38\Scripts\;C:\Users\tjaya\AppData\Local\Programs\Python\Python38\;C:\Users\tjaya\AppData\Local\Microsoft\WindowsApps;C:\Users\tjaya\AppData\Local\GitHubDesktop\bin;."/>
    <property name="java.vm.info" value="mixed mode, sharing"/>
    <property name="java.vendor" value="Oracle Corporation"/>
    <property name="java.vm.version" value="16.0.1+9-24"/>
    <property name="sun.io.unicode.encoding" value="UnicodeLittle"/>
    <property name="java.class.version" value="60.0"/>
  </properties>
  <testcase name="appium1" classname="practising.AppiumTest" time="0.007">
    <system-out><![CDATA[Appium1
]]></system-out>
  </testcase>
  <testcase name="appium2" classname="practising.AppiumTest" time="0.001">
    <system-out><![CDATA[Appium2
]]></system-out>
  </testcase>
  <testcase name="RestAPi1" classname="practising.RestApiTest" time="0.001">
    <system-out><![CDATA[RestApi1
]]></system-out>
  </testcase>
  <testcase name="RestApi2" classname="practising.RestApiTest" time="0.002">
    <system-out><![CDATA[RestApi2
]]></system-out>
  </testcase>
  <testcase name="selenium1" classname="practising.SeleniumTest" time="0.002">
    <system-out><![CDATA[Selenium1
]]></system-out>
  </testcase>
  <testcase name="selenium2" classname="practising.SeleniumTest" time="0.001">
    <system-out><![CDATA[Selenium2
]]></system-out>
  </testcase>
</testsuite>