<?xml version="1.0" encoding="UTF-8"?>
<!-- Generated by org.testng.reporters.JUnitReportReporter -->
<testsuite hostname="LAPTOP-34QHILGN" failures="0" tests="2" name="practising.SeleniumTest" time="0.001" errors="0" timestamp="2021-07-09T12:07:47 IST" skipped="0">
  <testcase classname="practising.SeleniumTest" name="selenium1" time="0.000"/>
  <system-out/>
  <testcase classname="practising.SeleniumTest" name="selenium2" time="0.001"/>
  <system-out/>
</testsuite> <!-- practising.SeleniumTest -->
