<?xml version="1.0" encoding="UTF-8"?>
<!-- Generated by org.testng.reporters.JUnitReportReporter -->
<testsuite hostname="LAPTOP-34QHILGN" failures="0" tests="2" name="practising.AppiumTest" time="0.006" errors="0" timestamp="2021-07-09T12:07:47 IST" skipped="0">
  <testcase classname="practising.AppiumTest" name="appium2" time="0.001"/>
  <system-out/>
  <testcase classname="practising.AppiumTest" name="appium1" time="0.005"/>
  <system-out/>
</testsuite> <!-- practising.AppiumTest -->
